Test log entryTest log entry at 2025-02-08 07:22:57
Array
(
    [amount] => 100
    [buyer] => John Doe
    [receipt_id] => 12345677
    [items] => ["item1", "item2"]
    [buyer_email] => johndoe@example.com
    [buyer_ip] => 192.168.1.1
    [note] => Test submission
    [city] => New York
    [phone] => 1234567890
)
Array
(
    [amount] => 100
    [buyer] => John Doe
    [receipt_id] => 12
    [items] => ["item1", "item2"]
    [buyer_email] => johndoe@example.com
    [buyer_ip] => 192.168.1.1
    [note] => Test submission
    [city] => New York
    [phone] => 1234567890
)
Array
(
    [amount] => 100
    [buyer] => John Doe
    [receipt_id] => 1212
    [items] => ["item1", "item2"]
    [buyer_email] => johndoe@example.com
    [buyer_ip] => 192.168.1.1
    [note] => Test submission
    [city] => New York
    [phone] => 1234567890
)
Array
(
    [amount] => 100
    [buyer] => John Doe
    [receipt_id] => 1212
    [items] => ["item1", "item2"]
    [buyer_email] => johndoe@example.com
    [buyer_ip] => 192.168.1.1
    [note] => Test submission
    [city] => New York
    [phone] => 1234567890
)
Array
(
    [amount] => 100
    [buyer] => John Doe
    [receipt_id] => 1212
    [items] => ["item1", "item2"]
    [buyer_email] => johndoe@example.com
    [buyer_ip] => 192.168.1.1
    [note] => Test submission
    [city] => New York
    [phone] => 1234567890
)
Array
(
    [amount] => 100
    [buyer] => John Doe
    [receipt_id] => 1212
    [items] => ["item1", "item2"]
    [buyer_email] => johndoe@example.com
    [buyer_ip] => 192.168.1.1
    [note] => Test submission
    [city] => New York
    [phone] => 1234567890
)
